<?xml version="1.0" encoding="UTF-8"?>
<testsuite name="hangmanTest" tests="1" skipped="0" failures="0" errors="0" timestamp="2022-09-25T13:13:50" hostname="MacBook-Air-som-tillhor-Pontus.local" time="0.03">
  <properties/>
  <testcase name="checkIfHintIsGiven()" classname="hangmanTest" time="0.03"/>
  <system-out><![CDATA[]]></system-out>
  <system-err><![CDATA[]]></system-err>
</testsuite>
